<?xml version="1.0" encoding="UTF-8"?>
<testsuite xmlns:xsi="http://www.w3.org/2001/XMLSchema-instance" xsi:noNamespaceSchemaLocation="https://maven.apache.org/surefire/maven-surefire-plugin/xsd/surefire-test-report-3.0.xsd" version="3.0" name="TestSuite" time="5.724" tests="1" errors="0" skipped="0" failures="0">
  <properties>
    <property name="java.specification.version" value="16"/>
    <property name="RUN_DISPLAY_URL" value="http://localhost:9999/job/qqqq/3/display/redirect"/>
    <property name="HUDSON_HOME" value="C:\Users\Avinash\.jenkins"/>
    <property name="sun.cpu.isalist" value="amd64"/>
    <property name="RUN_CHANGES_DISPLAY_URL" value="http://localhost:9999/job/qqqq/3/display/redirect?page=changes"/>
    <property name="sun.jnu.encoding" value="Cp1252"/>
    <property name="SESSIONNAME" value="Console"/>
    <property name="ALLUSERSPROFILE" value="C:\ProgramData"/>
    <property name="sun.arch.data.model" value="64"/>
    <property name="ANDROID_HOME" value="G:\android-sdk-windows"/>
    <property name="SystemDrive" value="C:"/>
    <property name="=ExitCode" value="00000000"/>
    <property name="java.vendor.url" value="https://java.oracle.com/"/>
    <property name="JENKINS_SERVER_COOKIE" value="fd82fcf6b83bedf0"/>
    <property name="USERNAME" value="Aradhya"/>
    <property name="ProgramFiles(x86)" value="C:\Program Files (x86)"/>
    <property name="JENKINS_URL" value="http://localhost:9999/"/>
    <property name="sun.boot.library.path" value="C:\Program Files\Java\jdk-16.0.2\bin"/>
    <property name="sun.java.command" value="jenkins.maven3.agent.Maven35Main C:\Users\Avinash\.jenkins\tools\hudson.tasks.Maven_MavenInstallation\aaa C:\Users\Avinash\.jenkins\war\WEB-INF\lib\remoting-4.13.3.jar C:\Users\Avinash\.jenkins\plugins\maven-plugin\WEB-INF\lib\maven35-interceptor-1.13.jar C:\Users\Avinash\.jenkins\plugins\maven-plugin\WEB-INF\lib\maven3-interceptor-commons-1.13.jar 56088"/>
    <property name="FPS_BROWSER_USER_PROFILE_STRING" value="Default"/>
    <property name="maven.home" value="C:\Users\Avinash\.jenkins\tools\hudson.tasks.Maven_MavenInstallation\aaa"/>
    <property name="jdk.debug" value="release"/>
    <property name="PATHEXT" value=".COM;.EXE;.BAT;.CMD;.VBS;.VBE;.JS;.JSE;.WSF;.WSH;.MSC;.PY;.PYW"/>
    <property name="DriverData" value="C:\Windows\System32\Drivers\DriverData"/>
    <property name="POM_GROUPID" value="TD"/>
    <property name="java.specification.vendor" value="Oracle Corporation"/>
    <property name="jansi.mode" value="strip"/>
    <property name="java.version.date" value="2021-07-20"/>
    <property name="java.home" value="C:\Program Files\Java\jdk-16.0.2"/>
    <property name="JENKINS_HOME" value="C:\Users\Avinash\.jenkins"/>
    <property name="file.separator" value="\"/>
    <property name="basedir" value="G:\ClassifiedCodeBase-Core\eCircle"/>
    <property name="java.vm.compressedOopsMode" value="32-bit"/>
    <property name="line.separator" value="&#10;"/>
    <property name="HOMEPATH" value="\Users\Avinash"/>
    <property name="NODE_NAME" value="built-in"/>
    <property name="java.vm.specification.vendor" value="Oracle Corporation"/>
    <property name="java.specification.name" value="Java Platform API Specification"/>
    <property name="BUILD_DISPLAY_NAME" value="#3"/>
    <property name="PROCESSOR_IDENTIFIER" value="Intel64 Family 6 Model 58 Stepping 9, GenuineIntel"/>
    <property name="maven3.interceptor" value="C:\Users\Avinash\.jenkins\plugins\maven-plugin\WEB-INF\lib\maven35-interceptor-1.13.jar"/>
    <property name="PATH+MAVEN" value="C:\Users\Avinash\.jenkins\tools\hudson.tasks.Maven_MavenInstallation\aaa/bin"/>
    <property name="maven3.interceptor.common" value="C:\Users\Avinash\.jenkins\plugins\maven-plugin\WEB-INF\lib\maven3-interceptor-commons-1.13.jar"/>
    <property name="ProgramFiles" value="C:\Program Files"/>
    <property name="PUBLIC" value="C:\Users\Public"/>
    <property name="windir" value="C:\WINDOWS"/>
    <property name="javax.accessibility.screen_magnifier_present" value="true"/>
    <property name="=::" value="::\"/>
    <property name="WORKSPACE_TMP" value="C:\Users\Avinash\.jenkins\workspace\qqqq@tmp"/>
    <property name="user.script" value=""/>
    <property name="IntelliJ IDEA" value="C:\Program Files\JetBrains\IntelliJ IDEA 2021.3.1\bin;"/>
    <property name="sun.management.compiler" value="HotSpot 64-Bit Tiered Compilers"/>
    <property name="FPS_BROWSER_APP_PROFILE_STRING" value="Internet Explorer"/>
    <property name="java.runtime.version" value="16.0.2+7-67"/>
    <property name="JAVA_HOME" value="C:\Program Files\Java\jdk-16.0.2"/>
    <property name="PROMPT" value="$P$G"/>
    <property name="user.name" value="Aradhya"/>
    <property name="POM_ARTIFACTID" value="eCircle"/>
    <property name="OneDrive" value="C:\Users\Avinash\OneDrive"/>
    <property name="file.encoding" value="Cp1252"/>
    <property name="=C:" value="C:\Users\Avinash\Desktop"/>
    <property name="APPDATA" value="C:\Users\Avinash\AppData\Roaming"/>
    <property name="guice.disable.misplaced.annotation.check" value="true"/>
    <property name="HUDSON_URL" value="http://localhost:9999/"/>
    <property name="WORKSPACE" value="C:\Users\Avinash\.jenkins\workspace\qqqq"/>
    <property name="localRepository" value="C:\Users\Avinash\.m2\repository"/>
    <property name="Path" value="C:\Users\Avinash\AppData\Local\Programs\Python\Python310\Scripts\;C:\Users\Avinash\AppData\Local\Programs\Python\Python310\;C:\Program Files\Common Files\Oracle\Java\javapath;G:\Oracle10g\bin;C:\Program Files (x86)\Intel\iCLS Client\;C:\Program Files\Intel\iCLS Client\;C:\WINDOWS\system32;C:\WINDOWS;C:\WINDOWS\System32\Wbem;C:\WINDOWS\System32\WindowsPowerShell\v1.0\;C:\Program Files (x86)\Windows Live\Shared;C:\Program Files\Intel\WiFi\bin\;C:\Program Files\Common Files\Intel\WirelessCommon\;C:\Program Files (x86)\Common Files\lenovo\easyplussdk\bin;C:\Program Files\Intel\Intel(R) Management Engine Components\DAL;C:\Program Files\Intel\Intel(R) Management Engine Components\IPT;C:\Program Files (x86)\Intel\Intel(R) Management Engine Components\DAL;C:\Program Files (x86)\Intel\Intel(R) Management Engine Components\IPT;C:\Windows\System32;C:\WINDOWS\System32\OpenSSH\;G:\android-sdk-windows\platform-tools;G:\android-sdk-windows\tools;G:\android-sdk-windows\build-tools;C:\apache-maven-3.6.3\bin;C:\Program Files\Docker\Docker\resources\bin;C:\ProgramData\DockerDesktop\version-bin;C:\Program Files\nodejs\;C:\Program Files\Java\jdk-16.0.2\bin;C:\Program Files\Git\cmd;C:\Program Files\Intel\WiFi\bin\;C:\Program Files\Common Files\Intel\WirelessCommon\;C:\Users\Avinash\AppData\Local\Microsoft\WindowsApps;C:\Users\Avinash\AppData\Local\GitHubDesktop\bin;C:\Users\Avinash\AppData\Local\Microsoft\WindowsApps;;C:\Program Files\JetBrains\IntelliJ IDEA 2021.3.1\bin;;C:\Users\Avinash\AppData\Roaming\npm"/>
    <property name="java.io.tmpdir" value="C:\Users\Avinash\AppData\Local\Temp\"/>
    <property name="java.version" value="16.0.2"/>
    <property name="CI" value="true"/>
    <property name="COMPUTERNAME" value="ARADHYA"/>
    <property name="java.vm.specification.name" value="Java Virtual Machine Specification"/>
    <property name="JOB_BASE_NAME" value="qqqq"/>
    <property name="sun.os.patch.level" value=""/>
    <property name="ComSpec" value="C:\WINDOWS\system32\cmd.exe"/>
    <property name="org.slf4j.simpleLogger.defaultLogLevel" value="info"/>
    <property name="java.library.path" value="C:\Program Files\Java\jdk-16.0.2\bin;C:\WINDOWS\Sun\Java\bin;C:\WINDOWS\system32;C:\WINDOWS;C:\Users\Avinash\.jenkins\tools\hudson.tasks.Maven_MavenInstallation\aaa/bin;C:\Users\Avinash\AppData\Local\Programs\Python\Python310\Scripts\;C:\Users\Avinash\AppData\Local\Programs\Python\Python310\;C:\Program Files\Common Files\Oracle\Java\javapath;G:\Oracle10g\bin;C:\Program Files (x86)\Intel\iCLS Client\;C:\Program Files\Intel\iCLS Client\;C:\WINDOWS\system32;C:\WINDOWS;C:\WINDOWS\System32\Wbem;C:\WINDOWS\System32\WindowsPowerShell\v1.0\;C:\Program Files (x86)\Windows Live\Shared;C:\Program Files\Intel\WiFi\bin\;C:\Program Files\Common Files\Intel\WirelessCommon\;C:\Program Files (x86)\Common Files\lenovo\easyplussdk\bin;C:\Program Files\Intel\Intel(R) Management Engine Components\DAL;C:\Program Files\Intel\Intel(R) Management Engine Components\IPT;C:\Program Files (x86)\Intel\Intel(R) Management Engine Components\DAL;C:\Program Files (x86)\Intel\Intel(R) Management Engine Components\IPT;C:\Windows\System32;C:\WINDOWS\System32\OpenSSH\;G:\android-sdk-windows\platform-tools;G:\android-sdk-windows\tools;G:\android-sdk-windows\build-tools;C:\apache-maven-3.6.3\bin;C:\Program Files\Docker\Docker\resources\bin;C:\ProgramData\DockerDesktop\version-bin;C:\Program Files\nodejs\;C:\Program Files\Java\jdk-16.0.2\bin;C:\Program Files\Git\cmd;C:\Program Files\Intel\WiFi\bin\;C:\Program Files\Common Files\Intel\WirelessCommon\;C:\Users\Avinash\AppData\Local\Microsoft\WindowsApps;C:\Users\Avinash\AppData\Local\GitHubDesktop\bin;C:\Users\Avinash\AppData\Local\Microsoft\WindowsApps;;C:\Program Files\JetBrains\IntelliJ IDEA 2021.3.1\bin;;C:\Users\Avinash\AppData\Roaming\npm;."/>
    <property name="BUILD_NUMBER" value="3"/>
    <property name="java.vendor" value="Oracle Corporation"/>
    <property name="BUILD_URL" value="http://localhost:9999/job/qqqq/3/"/>
    <property name="HOMEDRIVE" value="C:"/>
    <property name="RUN_ARTIFACTS_DISPLAY_URL" value="http://localhost:9999/job/qqqq/3/display/redirect?page=artifacts"/>
    <property name="sun.io.unicode.encoding" value="UnicodeLittle"/>
    <property name="POM_DISPLAYNAME" value="eCircle"/>
    <property name="NUMBER_OF_PROCESSORS" value="8"/>
    <property name="USERDOMAIN_ROAMINGPROFILE" value="ARADHYA"/>
    <property name="PROCESSOR_LEVEL" value="6"/>
    <property name="FP_NO_HOST_CHECK" value="NO"/>
    <property name="webdriver.chrome.driver" value="C:\Users\Avinash\.cache\selenium\chromedriver\win32\104.0.5112.79\chromedriver.exe"/>
    <property name="JOB_URL" value="http://localhost:9999/job/qqqq/"/>
    <property name="java.class.path" value="C:\Users\Avinash\.jenkins\plugins\maven-plugin\WEB-INF\lib\maven35-agent-1.13.jar;C:\Users\Avinash\.jenkins\tools\hudson.tasks.Maven_MavenInstallation\aaa\boot\plexus-classworlds-2.6.0.jar;C:\Users\Avinash\.jenkins\tools\hudson.tasks.Maven_MavenInstallation\aaa/conf/logging"/>
    <property name="java.vm.vendor" value="Oracle Corporation"/>
    <property name="PROCESSOR_ARCHITECTURE" value="AMD64"/>
    <property name="PSModulePath" value="C:\WINDOWS\system32\WindowsPowerShell\v1.0\Modules\;C:\Program Files (x86)\AutoIt3\AutoItX"/>
    <property name="user.variant" value=""/>
    <property name="MAVEN_HOME" value="C:\Users\Avinash\.jenkins\tools\hudson.tasks.Maven_MavenInstallation\aaa"/>
    <property name="user.timezone" value="Asia/Calcutta"/>
    <property name="maven.conf" value="C:\Users\Avinash\.jenkins\tools\hudson.tasks.Maven_MavenInstallation\aaa\conf"/>
    <property name="java.vm.specification.version" value="16"/>
    <property name="os.name" value="Windows 10"/>
    <property name="RUN_TESTS_DISPLAY_URL" value="http://localhost:9999/job/qqqq/3/display/redirect?page=tests"/>
    <property name="user.country" value="IN"/>
    <property name="sun.java.launcher" value="SUN_STANDARD"/>
    <property name="POM_VERSION" value="0.0.1-SNAPSHOT"/>
    <property name="BUILD_TAG" value="jenkins-qqqq-3"/>
    <property name="surefire.test.class.path" value="G:\ClassifiedCodeBase-Core\eCircle\target\test-classes;G:\ClassifiedCodeBase-Core\eCircle\target\classes;C:\Users\Avinash\.m2\repository\org\seleniumhq\selenium\selenium-java\3.141.59\selenium-java-3.141.59.jar;C:\Users\Avinash\.m2\repository\org\seleniumhq\selenium\selenium-api\3.141.59\selenium-api-3.141.59.jar;C:\Users\Avinash\.m2\repository\org\seleniumhq\selenium\selenium-chrome-driver\3.141.59\selenium-chrome-driver-3.141.59.jar;C:\Users\Avinash\.m2\repository\org\seleniumhq\selenium\selenium-edge-driver\3.141.59\selenium-edge-driver-3.141.59.jar;C:\Users\Avinash\.m2\repository\org\seleniumhq\selenium\selenium-firefox-driver\3.141.59\selenium-firefox-driver-3.141.59.jar;C:\Users\Avinash\.m2\repository\org\seleniumhq\selenium\selenium-ie-driver\3.141.59\selenium-ie-driver-3.141.59.jar;C:\Users\Avinash\.m2\repository\org\seleniumhq\selenium\selenium-opera-driver\3.141.59\selenium-opera-driver-3.141.59.jar;C:\Users\Avinash\.m2\repository\org\seleniumhq\selenium\selenium-remote-driver\3.141.59\selenium-remote-driver-3.141.59.jar;C:\Users\Avinash\.m2\repository\org\seleniumhq\selenium\selenium-safari-driver\3.141.59\selenium-safari-driver-3.141.59.jar;C:\Users\Avinash\.m2\repository\org\seleniumhq\selenium\selenium-support\3.141.59\selenium-support-3.141.59.jar;C:\Users\Avinash\.m2\repository\net\bytebuddy\byte-buddy\1.8.15\byte-buddy-1.8.15.jar;C:\Users\Avinash\.m2\repository\org\apache\commons\commons-exec\1.3\commons-exec-1.3.jar;C:\Users\Avinash\.m2\repository\com\google\guava\guava\25.0-jre\guava-25.0-jre.jar;C:\Users\Avinash\.m2\repository\com\google\code\findbugs\jsr305\1.3.9\jsr305-1.3.9.jar;C:\Users\Avinash\.m2\repository\org\checkerframework\checker-compat-qual\2.0.0\checker-compat-qual-2.0.0.jar;C:\Users\Avinash\.m2\repository\com\google\errorprone\error_prone_annotations\2.1.3\error_prone_annotations-2.1.3.jar;C:\Users\Avinash\.m2\repository\com\google\j2objc\j2objc-annotations\1.1\j2objc-annotations-1.1.jar;C:\Users\Avinash\.m2\repository\org\codehaus\mojo\animal-sniffer-annotations\1.14\animal-sniffer-annotations-1.14.jar;C:\Users\Avinash\.m2\repository\com\squareup\okhttp3\okhttp\3.11.0\okhttp-3.11.0.jar;C:\Users\Avinash\.m2\repository\com\squareup\okio\okio\1.14.0\okio-1.14.0.jar;C:\Users\Avinash\.m2\repository\org\testng\testng\6.13.1\testng-6.13.1.jar;C:\Users\Avinash\.m2\repository\com\beust\jcommander\1.72\jcommander-1.72.jar;C:\Users\Avinash\.m2\repository\io\github\bonigarcia\webdrivermanager\5.3.0\webdrivermanager-5.3.0.jar;C:\Users\Avinash\.m2\repository\org\slf4j\slf4j-api\1.7.36\slf4j-api-1.7.36.jar;C:\Users\Avinash\.m2\repository\com\google\code\gson\gson\2.9.1\gson-2.9.1.jar;C:\Users\Avinash\.m2\repository\com\github\docker-java\docker-java\3.2.13\docker-java-3.2.13.jar;C:\Users\Avinash\.m2\repository\com\github\docker-java\docker-java-core\3.2.13\docker-java-core-3.2.13.jar;C:\Users\Avinash\.m2\repository\com\github\docker-java\docker-java-api\3.2.13\docker-java-api-3.2.13.jar;C:\Users\Avinash\.m2\repository\com\fasterxml\jackson\core\jackson-annotations\2.10.3\jackson-annotations-2.10.3.jar;C:\Users\Avinash\.m2\repository\commons-io\commons-io\2.6\commons-io-2.6.jar;C:\Users\Avinash\.m2\repository\org\apache\commons\commons-compress\1.21\commons-compress-1.21.jar;C:\Users\Avinash\.m2\repository\com\fasterxml\jackson\core\jackson-databind\2.10.3\jackson-databind-2.10.3.jar;C:\Users\Avinash\.m2\repository\com\fasterxml\jackson\core\jackson-core\2.10.3\jackson-core-2.10.3.jar;C:\Users\Avinash\.m2\repository\org\bouncycastle\bcpkix-jdk15on\1.64\bcpkix-jdk15on-1.64.jar;C:\Users\Avinash\.m2\repository\org\bouncycastle\bcprov-jdk15on\1.64\bcprov-jdk15on-1.64.jar;C:\Users\Avinash\.m2\repository\org\slf4j\jcl-over-slf4j\1.7.30\jcl-over-slf4j-1.7.30.jar;C:\Users\Avinash\.m2\repository\com\github\docker-java\docker-java-transport-httpclient5\3.2.13\docker-java-transport-httpclient5-3.2.13.jar;C:\Users\Avinash\.m2\repository\com\github\docker-java\docker-java-transport\3.2.13\docker-java-transport-3.2.13.jar;C:\Users\Avinash\.m2\repository\net\java\dev\jna\jna\5.8.0\jna-5.8.0.jar;C:\Users\Avinash\.m2\repository\org\brotli\dec\0.1.2\dec-0.1.2.jar;C:\Users\Avinash\.m2\repository\org\apache\commons\commons-lang3\3.12.0\commons-lang3-3.12.0.jar;C:\Users\Avinash\.m2\repository\org\apache\httpcomponents\client5\httpclient5\5.1.3\httpclient5-5.1.3.jar;C:\Users\Avinash\.m2\repository\org\apache\httpcomponents\core5\httpcore5\5.1.3\httpcore5-5.1.3.jar;C:\Users\Avinash\.m2\repository\org\apache\httpcomponents\core5\httpcore5-h2\5.1.3\httpcore5-h2-5.1.3.jar;C:\Users\Avinash\.m2\repository\commons-codec\commons-codec\1.15\commons-codec-1.15.jar;"/>
    <property name="sun.cpu.endian" value="little"/>
    <property name="user.home" value="C:\Users\Avinash"/>
    <property name="user.language" value="en"/>
    <property name="javax.accessibility.assistive_technologies" value="com.sun.java.accessibility.AccessBridge"/>
    <property name="ProgramData" value="C:\ProgramData"/>
    <property name="ProgramW6432" value="C:\Program Files"/>
    <property name="JOB_DISPLAY_URL" value="http://localhost:9999/job/qqqq/display/redirect"/>
    <property name="M2_HOME" value="C:\Users\Avinash\.jenkins\tools\hudson.tasks.Maven_MavenInstallation\aaa"/>
    <property name="LOCALAPPDATA" value="C:\Users\Avinash\AppData\Local"/>
    <property name="POM_PACKAGING" value="jar"/>
    <property name="USERDOMAIN" value="ARADHYA"/>
    <property name="LOGONSERVER" value="\\ARADHYA"/>
    <property name="path.separator" value=";"/>
    <property name="BUILD_ID" value="3"/>
    <property name="os.version" value="10.0"/>
    <property name="JOB_NAME" value="qqqq"/>
    <property name="java.runtime.name" value="Java(TM) SE Runtime Environment"/>
    <property name="NODE_LABELS" value="built-in"/>
    <property name="java.vm.name" value="Java HotSpot(TM) 64-Bit Server VM"/>
    <property name="PERL5LIB" value="G:\Oracle10g\perl\5.8.3\lib\MSWin32-x86;G:\Oracle10g\perl\5.8.3\lib;G:\Oracle10g\perl\5.8.3\lib\MSWin32-x86;G:\Oracle10g\perl\site\5.8.3;G:\Oracle10g\perl\site\5.8.3\lib;G:\Oracle10g\sysman\admin\scripts;"/>
    <property name="CommonProgramFiles" value="C:\Program Files\Common Files"/>
    <property name="java.vendor.url.bug" value="https://bugreport.java.com/bugreport/"/>
    <property name="OS" value="Windows_NT"/>
    <property name="user.dir" value="G:\ClassifiedCodeBase-Core\eCircle"/>
    <property name="os.arch" value="amd64"/>
    <property name="EXECUTOR_NUMBER" value="0"/>
    <property name="HUDSON_SERVER_COOKIE" value="fd82fcf6b83bedf0"/>
    <property name="PROCESSOR_REVISION" value="3a09"/>
    <property name="CLASSPATH" value=""/>
    <property name="CommonProgramW6432" value="C:\Program Files\Common Files"/>
    <property name="SystemRoot" value="C:\WINDOWS"/>
    <property name="TEMP" value="C:\Users\Avinash\AppData\Local\Temp"/>
    <property name="java.vm.info" value="mixed mode, sharing"/>
    <property name="java.vm.version" value="16.0.2+7-67"/>
    <property name="USERPROFILE" value="C:\Users\Avinash"/>
    <property name="TMP" value="C:\Users\Avinash\AppData\Local\Temp"/>
    <property name="easyplussdk" value="&quot;C:\Program Files (x86)\Common Files\lenovo\easyplussdk\bin&quot;"/>
    <property name="CommonProgramFiles(x86)" value="C:\Program Files (x86)\Common Files"/>
    <property name="java.class.version" value="60.0"/>
  </properties>
  <testcase name="testDummy" classname="scripts.TestA" time="5.323">
    <system-out><![CDATA[ChromeDriver: chrome on WINDOWS (11beb4f72a68b43dfa1258bb7dd85698)
]]></system-out>
    <system-err><![CDATA[SLF4J: Failed to load class "org.slf4j.impl.StaticLoggerBinder".
SLF4J: Defaulting to no-operation (NOP) logger implementation
SLF4J: See http://www.slf4j.org/codes.html#StaticLoggerBinder for further details.
Starting ChromeDriver 104.0.5112.79 (3cf3e8c8a07d104b9e1260c910efb8f383285dc5-refs/branch-heads/5112@{#1307}) on port 17214
Only local connections are allowed.
Please see https://chromedriver.chromium.org/security-considerations for suggestions on keeping ChromeDriver safe.
ChromeDriver was started successfully.
]]></system-err>
  </testcase>
</testsuite>