<?xml version="1.0" encoding="UTF-8"?>
<!-- Generated by org.testng.reporters.JUnitReportReporter -->
<testsuite hostname="Aradhya" failures="0" tests="1" name="scripts.TestA" time="26.259" errors="0" timestamp="30 Aug 2022 09:10:57 GMT" skipped="0">
  <testcase classname="scripts.TestA" name="testDummy" time="26.259"/>
</testsuite> <!-- scripts.TestA -->
