<?xml version="1.0" encoding="UTF-8"?>
<!-- Generated by org.testng.reporters.JUnitReportReporter -->
<testsuite hostname="Aradhya" failures="0" tests="6" name="scripts.Flip$testAutomateFlipkart" time="43.172" errors="0" timestamp="2022-08-31T18:39:00 IST" skipped="0">
  <testcase classname="scripts.Flip$testAutomateFlipkart" name="setUp" time="8.955"/>
  <system-out/>
  <testcase classname="scripts.Flip$testAutomateFlipkart" name="login" time="3.606"/>
  <system-out/>
  <testcase classname="scripts.Flip$testAutomateFlipkart" name="addFirstItem" time="11.384"/>
  <system-out/>
  <testcase classname="scripts.Flip$testAutomateFlipkart" name="addSecondItem" time="12.669"/>
  <system-out/>
  <testcase classname="scripts.Flip$testAutomateFlipkart" name="removePreviouslyAddedItems" time="6.312"/>
  <system-out/>
  <testcase classname="scripts.Flip$testAutomateFlipkart" name="teardown" time="0.246"/>
  <system-out/>
</testsuite> <!-- scripts.Flip$testAutomateFlipkart -->
