<?xml version="1.0" encoding="UTF-8"?>
<!-- Generated by org.testng.reporters.JUnitReportReporter -->
<testsuite hostname="Aradhya" failures="0" tests="6" name="scripts.Flipkart_Automation$testAutomateFlipkart" time="68.201" errors="0" timestamp="2022-08-31T19:17:09 IST" skipped="0">
  <testcase classname="scripts.Flipkart_Automation$testAutomateFlipkart" name="setUp" time="8.758"/>
  <system-out/>
  <testcase classname="scripts.Flipkart_Automation$testAutomateFlipkart" name="login" time="3.599"/>
  <system-out/>
  <testcase classname="scripts.Flipkart_Automation$testAutomateFlipkart" name="addFirstItem" time="20.986"/>
  <system-out/>
  <testcase classname="scripts.Flipkart_Automation$testAutomateFlipkart" name="addSecondItem" time="28.373"/>
  <system-out/>
  <testcase classname="scripts.Flipkart_Automation$testAutomateFlipkart" name="removePreviouslyAddedItems" time="6.305"/>
  <system-out/>
  <testcase classname="scripts.Flipkart_Automation$testAutomateFlipkart" name="teardown" time="0.180"/>
  <system-out/>
</testsuite> <!-- scripts.Flipkart_Automation$testAutomateFlipkart -->
