<?xml version="1.0" encoding="UTF-8"?>
<!-- Generated by org.testng.reporters.JUnitReportReporter -->
<testsuite hostname="Aradhya" failures="0" tests="1" name="scripts.TestA" time="5.323" errors="0" timestamp="29 Aug 2022 17:52:21 GMT" skipped="0">
  <testcase classname="scripts.TestA" name="testDummy" time="5.323"/>
</testsuite> <!-- scripts.TestA -->
